SF:/Users/brandontrautmann/Development/beacon_settings/lib/src/in_memory_storage.dart
DA:10,2
DA:12,1
DA:14,2
DA:17,1
DA:19,2
DA:22,1
DA:24,2
DA:27,1
DA:29,2
DA:32,1
DA:34,2
DA:37,1
DA:39,2
DA:42,1
DA:44,2
LF:15
LH:15
end_of_record
SF:/Users/brandontrautmann/Development/beacon_settings/lib/src/settings_exception.dart
DA:11,1
DA:13,1
DA:14,2
LF:3
LH:3
end_of_record
SF:/Users/brandontrautmann/Development/beacon_settings/lib/src/beacon_settings.dart
DA:13,1
DA:18,1
DA:24,1
DA:31,6
DA:37,1
DA:38,4
DA:39,1
DA:44,1
DA:45,2
DA:46,1
DA:47,1
DA:48,4
DA:49,2
DA:50,3
DA:59,1
DA:60,2
DA:65,3
DA:66,1
DA:82,1
DA:91,1
DA:92,4
DA:93,6
DA:94,1
DA:97,3
DA:98,1
DA:99,2
DA:100,1
DA:101,4
DA:102,2
DA:104,5
DA:105,5
DA:106,5
DA:107,5
DA:108,5
DA:109,4
DA:113,1
DA:117,1
DA:119,1
DA:120,2
DA:121,1
DA:122,1
DA:126,3
DA:128,3
DA:134,1
DA:135,4
DA:165,1
DA:171,1
DA:173,3
DA:174,2
DA:176,2
DA:177,1
DA:178,1
DA:179,2
DA:180,4
DA:181,1
DA:182,2
DA:193,1
DA:194,3
DA:198,1
DA:204,1
DA:205,2
DA:209,1
DA:215,1
DA:216,2
DA:220,1
DA:221,2
DA:226,1
DA:227,2
DA:231,1
DA:237,1
DA:238,4
DA:242,1
DA:249,2
DA:257,1
DA:262,1
DA:263,2
DA:271,1
DA:276,1
DA:277,2
DA:285,1
DA:290,1
DA:291,2
DA:299,1
DA:304,1
DA:305,2
DA:313,1
DA:318,1
DA:319,2
DA:327,2
DA:329,1
DA:330,1
DA:334,1
DA:335,6
LF:93
LH:93
end_of_record
